build/outputs/logs/manifest-merger-debug-report.txt
-- Merging decision tree log ---
manifest
ADDED from tinker-master/multidex-google/AndroidManifest.xml:16:1-19:12
	package
		ADDED from tinker-master/multidex-google/AndroidManifest.xml:17:11-45
	xmlns:android
		ADDED from tinker-master/multidex-google/AndroidManifest.xml:16:11-69
uses-sdk
ADDED from tinker-master/multidex-google/AndroidManifest.xml:18:5-42
	android:targetSdkVersion
		INJECTED from tinker-master/multidex-google/AndroidManifest.xml
		INJECTED from tinker-master/multidex-google/AndroidManifest.xml
	android:minSdkVersion
		ADDED from tinker-master/multidex-google/AndroidManifest.xml:18:15-40
		INJECTED from tinker-master/multidex-google/AndroidManifest.xml
		INJECTED from tinker-master/multidex-google/AndroidManifest.xml